<?xml version="1.0" encoding="UTF-8"?>
<robot generator="Robot 7.4.2 (Python 3.13.7 on win32)" generated="2026-03-23T10:22:03.695133" rpa="false" schemaversion="5">
<suite id="s1" name="Sampletest" source="C:\Users\ACER\Desktop\Robot FrameWork\testcases\sampletest.robot">
<test id="s1-t1" name="Flipkart End To End Test" line="7">
<kw name="Open a Browser" owner="resource">
<kw name="Open Browser" owner="SeleniumLibrary">
<msg time="2026-03-23T10:22:03.892257" level="INFO">Opening browser 'chrome' to base url 'https://www.flipkart.com/'.</msg>
<arg>${url}</arg>
<arg>${browserName}</arg>
<doc>Opens a new browser instance to the optional ``url``.</doc>
<status status="PASS" start="2026-03-23T10:22:03.892020" elapsed="4.030343"/>
</kw>
<kw name="Maximize Browser Window" owner="SeleniumLibrary">
<doc>Maximizes current browser window.</doc>
<status status="PASS" start="2026-03-23T10:22:07.923257" elapsed="0.053280"/>
</kw>
<status status="PASS" start="2026-03-23T10:22:03.891357" elapsed="4.085422"/>
</kw>
<kw name="Close Pop Up Dialog Box" owner="resource">
<kw name="Wait Until Element Is Visible" owner="SeleniumLibrary">
<arg>${btn_popBtn}</arg>
<arg>10s</arg>
<doc>Waits until the element ``locator`` is visible.</doc>
<status status="PASS" start="2026-03-23T10:22:07.979150" elapsed="0.200065"/>
</kw>
<kw name="Click Element" owner="SeleniumLibrary">
<msg time="2026-03-23T10:22:08.179829" level="INFO">Clicking element 'xpath=//*[contains(@class,'b3wTlE')]'.</msg>
<arg>${btn_popBtn}</arg>
<doc>Click the element identified by ``locator``.</doc>
<status status="PASS" start="2026-03-23T10:22:08.179492" elapsed="0.146097"/>
</kw>
<status status="PASS" start="2026-03-23T10:22:07.978020" elapsed="0.347740"/>
</kw>
<kw name="Search Watch and Press Enter" owner="resource">
<kw name="Input Text" owner="SeleniumLibrary">
<msg time="2026-03-23T10:22:08.326916" level="INFO">Typing text 'Watch' into text field 'xpath=//input[@name='q']'.</msg>
<arg>${txt_searchBox}</arg>
<arg>Watch</arg>
<doc>Types the given ``text`` into the text field identified by ``locator``.</doc>
<status status="PASS" start="2026-03-23T10:22:08.326616" elapsed="0.289212"/>
</kw>
<kw name="Press Keys" owner="SeleniumLibrary">
<msg time="2026-03-23T10:22:08.617032" level="INFO">Sending key(s) ('ENTER',) to xpath=//input[@name='q'] element.</msg>
<msg time="2026-03-23T10:22:08.932550" level="INFO">Pressing special key ENTER to element.</msg>
<msg time="2026-03-23T10:22:08.932697" level="INFO">Releasing special key ENTER.</msg>
<arg>${txt_searchBox}</arg>
<arg>ENTER</arg>
<doc>Simulates the user pressing key(s) to an element or on the active browser.</doc>
<status status="PASS" start="2026-03-23T10:22:08.616224" elapsed="2.111795"/>
</kw>
<kw name="Sleep" owner="BuiltIn">
<msg time="2026-03-23T10:22:15.729571" level="INFO">Slept 5 seconds.</msg>
<arg>5</arg>
<doc>Pauses the test executed for the given time.</doc>
<status status="PASS" start="2026-03-23T10:22:10.728441" elapsed="5.001384"/>
</kw>
<status status="PASS" start="2026-03-23T10:22:08.326241" elapsed="7.403828"/>
</kw>
<kw name="Select 3rd Product from First Row" owner="resource">
<kw name="Get Element Count" owner="SeleniumLibrary">
<msg time="2026-03-23T10:22:15.765603" level="INFO">${count} = 31</msg>
<var>${count}</var>
<arg>${txt_productCount}</arg>
<doc>Returns the number of elements matching ``locator``.</doc>
<status status="PASS" start="2026-03-23T10:22:15.731895" elapsed="0.033803"/>
</kw>
<for flavor="IN RANGE">
<iter>
<if>
<branch type="IF" condition="${i} == 3">
<kw name="Get Text" owner="SeleniumLibrary">
<var>${productPrice}</var>
<arg>(//div[@class='p0C73x']//div[contains(@class,'hZ3P6w')])[${i}]</arg>
<doc>Returns the text value of the element identified by ``locator``.</doc>
<status status="NOT RUN" start="2026-03-23T10:22:15.767352" elapsed="0.000069"/>
</kw>
<kw name="Evaluate" owner="BuiltIn">
<var>${actualProductPrice}</var>
<arg>int("${productPrice}".replace("₹","").strip())</arg>
<doc>Evaluates the given expression in Python and returns the result.</doc>
<status status="NOT RUN" start="2026-03-23T10:22:15.767669" elapsed="0.000060"/>
</kw>
<kw name="Log To Console" owner="BuiltIn">
<arg>Price: ${actualProductPrice}</arg>
<doc>Logs the given message to the console.</doc>
<status status="NOT RUN" start="2026-03-23T10:22:15.767934" elapsed="0.000059"/>
</kw>
<kw name="Click Element" owner="SeleniumLibrary">
<arg>(//div[@class='p0C73x']/a[@class='atJtCj'])[${i}]</arg>
<doc>Click the element identified by ``locator``.</doc>
<status status="NOT RUN" start="2026-03-23T10:22:15.768418" elapsed="0.000308"/>
</kw>
<kw name="Set Test Variable" owner="BuiltIn">
<arg>${actualProductPrice}</arg>
<doc>Makes a variable available everywhere within the scope of the current test.</doc>
<status status="NOT RUN" start="2026-03-23T10:22:15.769766" elapsed="0.000140"/>
</kw>
<kw name="Exit For Loop" owner="BuiltIn">
<doc>Stops executing the enclosing FOR loop.</doc>
<status status="NOT RUN" start="2026-03-23T10:22:15.770548" elapsed="0.000383"/>
</kw>
<status status="NOT RUN" start="2026-03-23T10:22:15.766845" elapsed="0.004327"/>
</branch>
<status status="PASS" start="2026-03-23T10:22:15.766792" elapsed="0.004524"/>
</if>
<var name="${i}">1</var>
<status status="PASS" start="2026-03-23T10:22:15.766649" elapsed="0.004770"/>
</iter>
<iter>
<if>
<branch type="IF" condition="${i} == 3">
<kw name="Get Text" owner="SeleniumLibrary">
<var>${productPrice}</var>
<arg>(//div[@class='p0C73x']//div[contains(@class,'hZ3P6w')])[${i}]</arg>
<doc>Returns the text value of the element identified by ``locator``.</doc>
<status status="NOT RUN" start="2026-03-23T10:22:15.772452" elapsed="0.000061"/>
</kw>
<kw name="Evaluate" owner="BuiltIn">
<var>${actualProductPrice}</var>
<arg>int("${productPrice}".replace("₹","").strip())</arg>
<doc>Evaluates the given expression in Python and returns the result.</doc>
<status status="NOT RUN" start="2026-03-23T10:22:15.772732" elapsed="0.000056"/>
</kw>
<kw name="Log To Console" owner="BuiltIn">
<arg>Price: ${actualProductPrice}</arg>
<doc>Logs the given message to the console.</doc>
<status status="NOT RUN" start="2026-03-23T10:22:15.772985" elapsed="0.000055"/>
</kw>
<kw name="Click Element" owner="SeleniumLibrary">
<arg>(//div[@class='p0C73x']/a[@class='atJtCj'])[${i}]</arg>
<doc>Click the element identified by ``locator``.</doc>
<status status="NOT RUN" start="2026-03-23T10:22:15.773268" elapsed="0.000059"/>
</kw>
<kw name="Set Test Variable" owner="BuiltIn">
<arg>${actualProductPrice}</arg>
<doc>Makes a variable available everywhere within the scope of the current test.</doc>
<status status="NOT RUN" start="2026-03-23T10:22:15.773590" elapsed="0.000060"/>
</kw>
<kw name="Exit For Loop" owner="BuiltIn">
<doc>Stops executing the enclosing FOR loop.</doc>
<status status="NOT RUN" start="2026-03-23T10:22:15.773848" elapsed="0.000052"/>
</kw>
<status status="NOT RUN" start="2026-03-23T10:22:15.772012" elapsed="0.001964"/>
</branch>
<status status="PASS" start="2026-03-23T10:22:15.771974" elapsed="0.002088"/>
</if>
<var name="${i}">2</var>
<status status="PASS" start="2026-03-23T10:22:15.771853" elapsed="0.002267"/>
</iter>
<iter>
<if>
<branch type="IF" condition="${i} == 3">
<kw name="Get Text" owner="SeleniumLibrary">
<msg time="2026-03-23T10:22:15.823591" level="INFO">${productPrice} = ₹146</msg>
<var>${productPrice}</var>
<arg>(//div[@class='p0C73x']//div[contains(@class,'hZ3P6w')])[${i}]</arg>
<doc>Returns the text value of the element identified by ``locator``.</doc>
<status status="PASS" start="2026-03-23T10:22:15.774903" elapsed="0.048823"/>
</kw>
<kw name="Evaluate" owner="BuiltIn">
<msg time="2026-03-23T10:22:15.825173" level="INFO">${actualProductPrice} = 146</msg>
<var>${actualProductPrice}</var>
<arg>int("${productPrice}".replace("₹","").strip())</arg>
<doc>Evaluates the given expression in Python and returns the result.</doc>
<status status="PASS" start="2026-03-23T10:22:15.824097" elapsed="0.001177"/>
</kw>
<kw name="Log To Console" owner="BuiltIn">
<arg>Price: ${actualProductPrice}</arg>
<doc>Logs the given message to the console.</doc>
<status status="PASS" start="2026-03-23T10:22:15.825548" elapsed="0.001236"/>
</kw>
<kw name="Click Element" owner="SeleniumLibrary">
<msg time="2026-03-23T10:22:15.827679" level="INFO">Clicking element '(//div[@class='p0C73x']/a[@class='atJtCj'])[3]'.</msg>
<arg>(//div[@class='p0C73x']/a[@class='atJtCj'])[${i}]</arg>
<doc>Click the element identified by ``locator``.</doc>
<status status="PASS" start="2026-03-23T10:22:15.827159" elapsed="0.191429"/>
</kw>
<kw name="Set Test Variable" owner="BuiltIn">
<msg time="2026-03-23T10:22:16.019812" level="INFO">${actualProductPrice} = 146</msg>
<arg>${actualProductPrice}</arg>
<doc>Makes a variable available everywhere within the scope of the current test.</doc>
<status status="PASS" start="2026-03-23T10:22:16.018960" elapsed="0.000973"/>
</kw>
<kw name="Exit For Loop" owner="BuiltIn">
<msg time="2026-03-23T10:22:16.020600" level="INFO">Exiting for loop altogether.</msg>
<doc>Stops executing the enclosing FOR loop.</doc>
<status status="PASS" start="2026-03-23T10:22:16.020199" elapsed="0.000592"/>
</kw>
<status status="PASS" start="2026-03-23T10:22:15.774551" elapsed="0.246360"/>
</branch>
<status status="PASS" start="2026-03-23T10:22:15.774520" elapsed="0.246503"/>
</if>
<var name="${i}">3</var>
<status status="PASS" start="2026-03-23T10:22:15.774437" elapsed="0.246655"/>
</iter>
<var>${i}</var>
<value>1</value>
<value>${count}+1</value>
<status status="PASS" start="2026-03-23T10:22:15.765914" elapsed="0.255319"/>
</for>
<kw name="Sleep" owner="BuiltIn">
<msg time="2026-03-23T10:22:21.022633" level="INFO">Slept 5 seconds.</msg>
<arg>5</arg>
<doc>Pauses the test executed for the given time.</doc>
<status status="PASS" start="2026-03-23T10:22:16.021511" elapsed="5.001374"/>
</kw>
<status status="PASS" start="2026-03-23T10:22:15.731209" elapsed="5.291962"/>
</kw>
<kw name="Switch to New Window" owner="resource">
<kw name="Switch Window" owner="SeleniumLibrary">
<arg>NEW</arg>
<doc>Switches to browser window matching ``locator``.</doc>
<status status="PASS" start="2026-03-23T10:22:21.025381" elapsed="0.027882"/>
</kw>
<kw name="Wait Until Element Is Visible" owner="SeleniumLibrary">
<arg>${txt_getProductTitle}</arg>
<arg>10s</arg>
<doc>Waits until the element ``locator`` is visible.</doc>
<status status="PASS" start="2026-03-23T10:22:21.053966" elapsed="0.061601"/>
</kw>
<status status="PASS" start="2026-03-23T10:22:21.024572" elapsed="0.091237"/>
</kw>
<kw name="Get PDP Product Price" owner="resource">
<kw name="Get Text" owner="SeleniumLibrary">
<msg time="2026-03-23T10:22:21.156231" level="INFO">${price1} = ₹146</msg>
<var>${price1}</var>
<arg>${txt_getProductPrice}</arg>
<doc>Returns the text value of the element identified by ``locator``.</doc>
<status status="PASS" start="2026-03-23T10:22:21.117025" elapsed="0.039290"/>
</kw>
<kw name="Log To Console" owner="BuiltIn">
<arg>PDP Price: ${price1}</arg>
<doc>Logs the given message to the console.</doc>
<status status="PASS" start="2026-03-23T10:22:21.156575" elapsed="0.000799"/>
</kw>
<kw name="Evaluate" owner="BuiltIn">
<msg time="2026-03-23T10:22:21.158182" level="INFO">${productPrice} = 146</msg>
<var>${productPrice}</var>
<arg>int("${price1}".replace("₹","").strip())</arg>
<doc>Evaluates the given expression in Python and returns the result.</doc>
<status status="PASS" start="2026-03-23T10:22:21.157614" elapsed="0.000625"/>
</kw>
<kw name="Set Test Variable" owner="BuiltIn">
<msg time="2026-03-23T10:22:21.159003" level="INFO">${productPrice} = 146</msg>
<arg>${productPrice}</arg>
<doc>Makes a variable available everywhere within the scope of the current test.</doc>
<status status="PASS" start="2026-03-23T10:22:21.158454" elapsed="0.000625"/>
</kw>
<return>
<value>${productPrice}</value>
<status status="PASS" start="2026-03-23T10:22:21.159201" elapsed="0.000085"/>
</return>
<msg time="2026-03-23T10:22:21.159504" level="INFO">${pdpPrice} = 146</msg>
<var>${pdpPrice}</var>
<status status="PASS" start="2026-03-23T10:22:21.116375" elapsed="0.043172"/>
</kw>
<kw name="Should Be Equal" owner="BuiltIn">
<arg>${actualProductPrice}</arg>
<arg>${pdpPrice}</arg>
<doc>Fails if the given objects are unequal.</doc>
<status status="PASS" start="2026-03-23T10:22:21.159863" elapsed="0.000539"/>
</kw>
<kw name="Add To Cart and Navigate" owner="resource">
<kw name="Wait Until Element Is Visible" owner="SeleniumLibrary">
<arg>${btn_addtoCart}</arg>
<arg>10s</arg>
<doc>Waits until the element ``locator`` is visible.</doc>
<status status="PASS" start="2026-03-23T10:22:21.161312" elapsed="0.032527"/>
</kw>
<kw name="Click Element" owner="SeleniumLibrary">
<msg time="2026-03-23T10:22:21.194397" level="INFO">Clicking element 'xpath=//div[text()='Add to cart']'.</msg>
<arg>${btn_addtoCart}</arg>
<doc>Click the element identified by ``locator``.</doc>
<status status="PASS" start="2026-03-23T10:22:21.194094" elapsed="0.270836"/>
</kw>
<kw name="Click Element" owner="SeleniumLibrary">
<msg time="2026-03-23T10:22:21.465596" level="INFO">Clicking element 'xpath=//span[normalize-space()='Cart']'.</msg>
<arg>${btn_cartIcon}</arg>
<doc>Click the element identified by ``locator``.</doc>
<status status="PASS" start="2026-03-23T10:22:21.465221" elapsed="0.117562"/>
</kw>
<status status="PASS" start="2026-03-23T10:22:21.160897" elapsed="0.422055"/>
</kw>
<kw name="Get Cart Product Price" owner="resource">
<kw name="Wait Until Element Is Visible" owner="SeleniumLibrary">
<arg>${txt_cartPageProductPrice}</arg>
<arg>10s</arg>
<doc>Waits until the element ``locator`` is visible.</doc>
<status status="PASS" start="2026-03-23T10:22:21.584299" elapsed="1.416154"/>
</kw>
<kw name="Get Text" owner="SeleniumLibrary">
<msg time="2026-03-23T10:22:23.022996" level="INFO">${cartPageProductPrice} = ₹146 </msg>
<var>${cartPageProductPrice}</var>
<arg>${txt_cartPageProductPrice}</arg>
<doc>Returns the text value of the element identified by ``locator``.</doc>
<status status="PASS" start="2026-03-23T10:22:23.000993" elapsed="0.022119"/>
</kw>
<kw name="Log To Console" owner="BuiltIn">
<arg>Cart Price: ${cartPageProductPrice}</arg>
<doc>Logs the given message to the console.</doc>
<status status="PASS" start="2026-03-23T10:22:23.023459" elapsed="0.001613"/>
</kw>
<kw name="Evaluate" owner="BuiltIn">
<msg time="2026-03-23T10:22:23.026699" level="INFO">${cartProductPrice} = 146</msg>
<var>${cartProductPrice}</var>
<arg>int("${cartPageProductPrice}".replace("₹","").strip())</arg>
<doc>Evaluates the given expression in Python and returns the result.</doc>
<status status="PASS" start="2026-03-23T10:22:23.025629" elapsed="0.001166"/>
</kw>
<return>
<value>${cartProductPrice}</value>
<status status="PASS" start="2026-03-23T10:22:23.026972" elapsed="0.000113"/>
</return>
<msg time="2026-03-23T10:22:23.027373" level="INFO">${cartPrice} = 146</msg>
<var>${cartPrice}</var>
<status status="PASS" start="2026-03-23T10:22:21.583492" elapsed="1.443943"/>
</kw>
<kw name="Should Be Equal" owner="BuiltIn">
<arg>${cartPrice}</arg>
<arg>${pdpPrice}</arg>
<doc>Fails if the given objects are unequal.</doc>
<status status="PASS" start="2026-03-23T10:22:23.028008" elapsed="0.000701"/>
</kw>
<kw name="Sleep" owner="BuiltIn">
<msg time="2026-03-23T10:22:25.029814" level="INFO">Slept 2 seconds.</msg>
<arg>2</arg>
<doc>Pauses the test executed for the given time.</doc>
<status status="PASS" start="2026-03-23T10:22:23.029069" elapsed="2.000959"/>
</kw>
<kw name="Close Browser Session" owner="resource">
<kw name="Close Browser" owner="SeleniumLibrary">
<doc>Closes the current browser.</doc>
<status status="PASS" start="2026-03-23T10:22:25.031495" elapsed="2.331127"/>
</kw>
<status status="PASS" start="2026-03-23T10:22:25.030813" elapsed="2.332072"/>
</kw>
<doc>Search for Watch in Flipkart, select 3rd product, verify prices match</doc>
<status status="PASS" start="2026-03-23T10:22:03.890666" elapsed="23.473485"/>
</test>
<status status="PASS" start="2026-03-23T10:22:03.696882" elapsed="23.669037"/>
</suite>
<statistics>
<total>
<stat pass="1" fail="0" skip="0">All Tests</stat>
</total>
<tag>
</tag>
<suite>
<stat name="Sampletest" id="s1" pass="1" fail="0" skip="0">Sampletest</stat>
</suite>
</statistics>
<errors>
</errors>
</robot>
